<?xml version="1.0" encoding="UTF-8"?>
<!-- Generated by org.testng.reporters.JUnitReportReporter -->
<testsuite hostname="Imad-PC" name="com.twc.imad.TwcProject.Ts001_Tc004_ValidateSearchFunctionality" tests="1" failures="0" timestamp="12 Dec 2015 20:59:50 GMT" time="54.961" errors="0">
  <testcase name="verifySearchFunctionForKnownString" time="54.961" classname="com.twc.imad.TwcProject.Ts001_Tc004_ValidateSearchFunctionality"/>
</testsuite> <!-- com.twc.imad.TwcProject.Ts001_Tc004_ValidateSearchFunctionality -->
