<?xml version="1.0" encoding="UTF-8"?>
<!-- Generated by org.testng.reporters.JUnitReportReporter -->
<testsuite hostname="Imad-PC" name="com.twc.imad.TwcProject.Ts1Tc1VerifyHeaderLinks" tests="1" failures="0" timestamp="11 Dec 2015 16:53:37 GMT" time="10.077" errors="0">
  <testcase name="verifyLinks" time="10.077" classname="com.twc.imad.TwcProject.Ts1Tc1VerifyHeaderLinks"/>
</testsuite> <!-- com.twc.imad.TwcProject.Ts1Tc1VerifyHeaderLinks -->
