<?xml version="1.0" encoding="UTF-8"?>
<!-- Generated by org.testng.reporters.JUnitReportReporter -->
<testsuite hostname="Imad-PC" name="com.twc.imad.TwcProject.Ts001_Tc003_ValidateCurrentLocation" tests="1" failures="0" timestamp="12 Dec 2015 20:59:50 GMT" time="99.145" errors="0">
  <testcase name="verifyCurrentLocation" time="99.145" classname="com.twc.imad.TwcProject.Ts001_Tc003_ValidateCurrentLocation"/>
</testsuite> <!-- com.twc.imad.TwcProject.Ts001_Tc003_ValidateCurrentLocation -->
