<?xml version="1.0" encoding="UTF-8"?>
<!-- Generated by org.testng.reporters.JUnitReportReporter -->
<testsuite hostname="Imad-PC" name="com.twc.imad.TwcProject.Ts1Tc2VerifyInvalidLogin" tests="1" failures="0" timestamp="10 Dec 2015 02:19:26 GMT" time="17.704" errors="0">
  <testcase name="verifylogin" time="17.704" classname="com.twc.imad.TwcProject.Ts1Tc2VerifyInvalidLogin"/>
</testsuite> <!-- com.twc.imad.TwcProject.Ts1Tc2VerifyInvalidLogin -->
