<?xml version="1.0" encoding="UTF-8"?>
<!-- Generated by org.testng.reporters.JUnitReportReporter -->
<testsuite hostname="Imad-PC" name="com.twc.imad.TwcProject.Ts001_Tc001_VerifyHeaderLinks" tests="1" failures="0" timestamp="15 Dec 2015 17:33:17 GMT" time="2.570" errors="0">
  <testcase name="verifyLinks" time="2.570" classname="com.twc.imad.TwcProject.Ts001_Tc001_VerifyHeaderLinks"/>
</testsuite> <!-- com.twc.imad.TwcProject.Ts001_Tc001_VerifyHeaderLinks -->
