<?xml version="1.0" encoding="UTF-8"?>
<!-- Generated by org.testng.reporters.JUnitReportReporter -->
<testsuite hostname="Imad-PC" name="com.twc.imad.TwcProject.Ts1Tc3ValidateCurrentLocation" tests="1" failures="0" timestamp="11 Dec 2015 17:08:48 GMT" time="44.304" errors="0">
  <testcase name="verifyCurrentLocation" time="44.304" classname="com.twc.imad.TwcProject.Ts1Tc3ValidateCurrentLocation"/>
</testsuite> <!-- com.twc.imad.TwcProject.Ts1Tc3ValidateCurrentLocation -->
