<?xml version="1.0" encoding="UTF-8"?>
<!-- Generated by org.testng.reporters.JUnitReportReporter -->
<testsuite hostname="Imad-PC" name="com.twc.imad.TwcProject.Ts001_Tc002_VerifyInvalidLogin" tests="1" failures="0" timestamp="12 Dec 2015 20:59:50 GMT" time="36.243" errors="0">
  <testcase name="verifylogin" time="36.243" classname="com.twc.imad.TwcProject.Ts001_Tc002_VerifyInvalidLogin"/>
</testsuite> <!-- com.twc.imad.TwcProject.Ts001_Tc002_VerifyInvalidLogin -->
