<?xml version="1.0" encoding="UTF-8"?>
<!-- Generated by org.testng.reporters.JUnitReportReporter -->
<testsuite hostname="Imad-PC" name="com.twc.imad.TwcProject.Ts1Tc4ValidateSearchFunctionality" tests="1" failures="0" timestamp="10 Dec 2015 01:24:37 GMT" time="67.674" errors="0">
  <testcase name="verifySearchFunctionForKnownString" time="67.674" classname="com.twc.imad.TwcProject.Ts1Tc4ValidateSearchFunctionality"/>
</testsuite> <!-- com.twc.imad.TwcProject.Ts1Tc4ValidateSearchFunctionality -->
