<?xml version="1.0" encoding="UTF-8"?>
<!-- Generated by org.testng.reporters.JUnitReportReporter -->
<testsuite hostname="Imad-PC" name="com.twc.imad.TwcProject.Ts001_Tc001_VerifyHeaderLinks" tests="1" failures="0" timestamp="15 Dec 2015 16:44:12 GMT" time="3.152" errors="0">
  <testcase name="verifyLinks" time="3.152" classname="com.twc.imad.TwcProject.Ts001_Tc001_VerifyHeaderLinks"/>
</testsuite> <!-- com.twc.imad.TwcProject.Ts001_Tc001_VerifyHeaderLinks -->
