<?xml version="1.0" encoding="UTF-8"?>
<!-- Generated by org.testng.reporters.JUnitReportReporter -->
<testsuite hostname="Imad-PC" name="com.twc.imad.TwcProject.Ts001_Tc002_VerifyInvalidLogin" tests="1" failures="0" timestamp="15 Dec 2015 16:44:12 GMT" time="42.488" errors="0">
  <testcase name="verifylogin" time="42.488" classname="com.twc.imad.TwcProject.Ts001_Tc002_VerifyInvalidLogin"/>
</testsuite> <!-- com.twc.imad.TwcProject.Ts001_Tc002_VerifyInvalidLogin -->
