<?xml version="1.0" encoding="UTF-8"?>
<!-- Generated by org.testng.reporters.JUnitReportReporter -->
<testsuite hostname="Imad-PC" name="com.twc.imad.TwcProject.Ts001_Tc005_ValidateInvalidEmailLogin" tests="1" failures="0" timestamp="15 Dec 2015 16:44:12 GMT" time="15.888" errors="0">
  <testcase name="emailValidation" time="15.888" classname="com.twc.imad.TwcProject.Ts001_Tc005_ValidateInvalidEmailLogin"/>
</testsuite> <!-- com.twc.imad.TwcProject.Ts001_Tc005_ValidateInvalidEmailLogin -->
